<?xml version="1.0" encoding="UTF-8" ?>
<testsuite failures="0" time="2.89" errors="0" skipped="0" tests="31" name="TestSuite">
  <properties>
    <property name="java.runtime.name" value="Java(TM) SE Runtime Environment"/>
    <property name="sun.boot.library.path" value="/usr/lib/java/jdk1.7.0_45/jre/lib/i386"/>
    <property name="java.vm.version" value="24.45-b08"/>
    <property name="java.vm.vendor" value="Oracle Corporation"/>
    <property name="java.vendor.url" value="http://java.oracle.com/"/>
    <property name="path.separator" value=":"/>
    <property name="guice.disable.misplaced.annotation.check" value="true"/>
    <property name="java.vm.name" value="Java HotSpot(TM) Server VM"/>
    <property name="file.encoding.pkg" value="sun.io"/>
    <property name="user.country" value="US"/>
    <property name="sun.java.launcher" value="SUN_STANDARD"/>
    <property name="sun.os.patch.level" value="unknown"/>
    <property name="java.vm.specification.name" value="Java Virtual Machine Specification"/>
    <property name="user.dir" value="/home/milind/WFMilind/amazingJava/projects/employeemanagement"/>
    <property name="java.runtime.version" value="1.7.0_45-b18"/>
    <property name="java.awt.graphicsenv" value="sun.awt.X11GraphicsEnvironment"/>
    <property name="java.endorsed.dirs" value="/usr/lib/java/jdk1.7.0_45/jre/lib/endorsed"/>
    <property name="os.arch" value="i386"/>
    <property name="java.io.tmpdir" value="/tmp"/>
    <property name="line.separator" value="
"/>
    <property name="java.vm.specification.vendor" value="Oracle Corporation"/>
    <property name="os.name" value="Linux"/>
    <property name="classworlds.conf" value="/usr/share/maven/bin/m2.conf"/>
    <property name="sun.jnu.encoding" value="UTF-8"/>
    <property name="java.library.path" value="/usr/java/packages/lib/i386:/lib:/usr/lib"/>
    <property name="java.specification.name" value="Java Platform API Specification"/>
    <property name="java.class.version" value="51.0"/>
    <property name="sun.management.compiler" value="HotSpot Tiered Compilers"/>
    <property name="os.version" value="3.5.0-17-generic"/>
    <property name="user.home" value="/home/milind"/>
    <property name="user.timezone" value="America/Chicago"/>
    <property name="java.awt.printerjob" value="sun.print.PSPrinterJob"/>
    <property name="file.encoding" value="UTF-8"/>
    <property name="java.specification.version" value="1.7"/>
    <property name="user.name" value="milind"/>
    <property name="java.class.path" value="/usr/share/maven/boot/plexus-classworlds-2.x.jar"/>
    <property name="java.vm.specification.version" value="1.7"/>
    <property name="sun.arch.data.model" value="32"/>
    <property name="java.home" value="/usr/lib/java/jdk1.7.0_45/jre"/>
    <property name="sun.java.command" value="org.codehaus.plexus.classworlds.launcher.Launcher clean install"/>
    <property name="java.specification.vendor" value="Oracle Corporation"/>
    <property name="user.language" value="en"/>
    <property name="awt.toolkit" value="sun.awt.X11.XToolkit"/>
    <property name="java.vm.info" value="mixed mode"/>
    <property name="java.version" value="1.7.0_45"/>
    <property name="java.ext.dirs" value="/usr/lib/java/jdk1.7.0_45/jre/lib/ext:/usr/java/packages/lib/ext"/>
    <property name="securerandom.source" value="file:/dev/./urandom"/>
    <property name="sun.boot.class.path" value="/usr/lib/java/jdk1.7.0_45/jre/lib/resources.jar:/usr/lib/java/jdk1.7.0_45/jre/lib/rt.jar:/usr/lib/java/jdk1.7.0_45/jre/lib/sunrsasign.jar:/usr/lib/java/jdk1.7.0_45/jre/lib/jsse.jar:/usr/lib/java/jdk1.7.0_45/jre/lib/jce.jar:/usr/lib/java/jdk1.7.0_45/jre/lib/charsets.jar:/usr/lib/java/jdk1.7.0_45/jre/lib/jfr.jar:/usr/lib/java/jdk1.7.0_45/jre/classes"/>
    <property name="java.vendor" value="Oracle Corporation"/>
    <property name="maven.home" value="/usr/share/maven"/>
    <property name="file.separator" value="/"/>
    <property name="java.vendor.url.bug" value="http://bugreport.sun.com/bugreport/"/>
    <property name="sun.cpu.endian" value="little"/>
    <property name="sun.io.unicode.encoding" value="UnicodeLittle"/>
    <property name="sun.desktop" value="gnome"/>
    <property name="sun.cpu.isalist" value=""/>
  </properties>
  <testcase time="0.038" classname="com.crystalsoft.employeemanagement.AdditionTest" name="testAdd"/>
  <testcase time="0.001" classname="com.crystalsoft.employeemanagement.AdditionTest" name="testAddFail"/>
  <testcase time="0.001" classname="com.crystalsoft.employeemanagement.DeletionTest" name="testDelete"/>
  <testcase time="0.001" classname="com.crystalsoft.employeemanagement.DeletionTest" name="testDeleteFail"/>
  <testcase time="0" classname="com.crystalsoft.employeemanagement.EmployeeTest" name="checkFirstName"/>
  <testcase time="0.003" classname="com.crystalsoft.employeemanagement.EmployeeTest" name="checkId"/>
  <testcase time="0.003" classname="com.crystalsoft.employeemanagement.EmployeeTest" name="checkIdSortEqual"/>
  <testcase time="0.003" classname="com.crystalsoft.employeemanagement.EmployeeTest" name="checkIdSortNotEqual"/>
  <testcase time="0" classname="com.crystalsoft.employeemanagement.EmployeeTest" name="checkInstance"/>
  <testcase time="0" classname="com.crystalsoft.employeemanagement.EmployeeTest" name="checkLastName"/>
  <testcase time="0.008" classname="com.crystalsoft.employeemanagement.EmployeeTest" name="checkNameSortEqual"/>
  <testcase time="0.001" classname="com.crystalsoft.employeemanagement.EmployeeTest" name="checkNameSortNotEqual"/>
  <testcase time="0.001" classname="com.crystalsoft.employeemanagement.EmployeeTest" name="checkPosition"/>
  <testcase time="0.001" classname="com.crystalsoft.employeemanagement.EmployeeTest" name="checkProject"/>
  <testcase time="0.162" classname="com.crystalsoft.employeemanagement.LoadTest" name="testLoad"/>
  <testcase time="0" classname="com.crystalsoft.employeemanagement.ModificationTest" name="testModify"/>
  <testcase time="0.01" classname="com.crystalsoft.employeemanagement.RolodexTest" name="checkInstantiate"/>
  <testcase time="0.001" classname="com.crystalsoft.employeemanagement.RolodexTest" name="checkInstantiateWithParam"/>
  <testcase time="0" classname="com.crystalsoft.employeemanagement.RolodexTest" name="testAddEmployee"/>
  <testcase time="0.035" classname="com.crystalsoft.employeemanagement.RolodexTest" name="testAddEmployeefail"/>
  <testcase time="0.014" classname="com.crystalsoft.employeemanagement.RolodexTest" name="testDeleteEmployee"/>
  <testcase time="0.004" classname="com.crystalsoft.employeemanagement.RolodexTest" name="testDeleteEmployeeFail"/>
  <testcase time="0.01" classname="com.crystalsoft.employeemanagement.RolodexTest" name="testGetSize"/>
  <testcase time="0.01" classname="com.crystalsoft.employeemanagement.RolodexTest" name="testIdSort"/>
  <testcase time="0.004" classname="com.crystalsoft.employeemanagement.RolodexTest" name="testSetAndGetEmployees"/>
  <testcase time="0.012" classname="com.crystalsoft.employeemanagement.RolodexTest" name="testSize"/>
  <testcase time="0" classname="com.crystalsoft.employeemanagement.RolodexTest" name="testfind"/>
  <testcase time="0" classname="com.crystalsoft.employeemanagement.RolodexTest" name="testfindfail"/>
  <testcase time="0.02" classname="com.crystalsoft.employeemanagement.SavingTest" name="testSaving"/>
  <testcase time="0.001" classname="com.crystalsoft.employeemanagement.SearchTest" name="testSearch"/>
  <testcase time="0.001" classname="com.crystalsoft.employeemanagement.SearchTest" name="testSearchFail"/>
</testsuite>