<?xml version="1.0" encoding="UTF-8"?>
<!-- Generated by org.testng.reporters.JUnitReportReporter -->
<testsuite hostname="milind-VGN-N385E" name="com.crystalsoft.employeemanagement.AdditionTest" tests="2" failures="0" timestamp="23 Apr 2014 12:42:06 GMT" time="0.043" errors="0">
  <testcase name="testAddFail" time="0.002" classname="com.crystalsoft.employeemanagement.AdditionTest"/>
  <testcase name="testAdd" time="0.041" classname="com.crystalsoft.employeemanagement.AdditionTest"/>
</testsuite> <!-- com.crystalsoft.employeemanagement.AdditionTest -->
