<?xml version="1.0" encoding="UTF-8"?>
<!-- Generated by org.testng.reporters.JUnitReportReporter -->
<testsuite hostname="milind-VGN-N385E" name="com.crystalsoft.employeemanagement.SearchTest" tests="2" failures="0" timestamp="23 Apr 2014 12:42:06 GMT" time="0.002" errors="0">
  <testcase name="testSearch" time="0.001" classname="com.crystalsoft.employeemanagement.SearchTest"/>
  <testcase name="testSearchFail" time="0.001" classname="com.crystalsoft.employeemanagement.SearchTest"/>
</testsuite> <!-- com.crystalsoft.employeemanagement.SearchTest -->
