<?xml version="1.0" encoding="UTF-8"?>
<!-- Generated by org.testng.reporters.JUnitReportReporter -->
<testsuite hostname="milind-VGN-N385E" name="com.crystalsoft.employeemanagement.RolodexTest" tests="12" failures="0" timestamp="23 Apr 2014 12:42:06 GMT" time="0.121" errors="0">
  <testcase name="testAddEmployee" time="0.001" classname="com.crystalsoft.employeemanagement.RolodexTest"/>
  <testcase name="testDeleteEmployee" time="0.014" classname="com.crystalsoft.employeemanagement.RolodexTest"/>
  <testcase name="testDeleteEmployeeFail" time="0.009" classname="com.crystalsoft.employeemanagement.RolodexTest"/>
  <testcase name="testSetAndGetEmployees" time="0.004" classname="com.crystalsoft.employeemanagement.RolodexTest"/>
  <testcase name="testfindfail" time="0.001" classname="com.crystalsoft.employeemanagement.RolodexTest"/>
  <testcase name="testfind" time="0.001" classname="com.crystalsoft.employeemanagement.RolodexTest"/>
  <testcase name="testSize" time="0.011" classname="com.crystalsoft.employeemanagement.RolodexTest"/>
  <testcase name="testIdSort" time="0.010" classname="com.crystalsoft.employeemanagement.RolodexTest"/>
  <testcase name="testAddEmployeefail" time="0.036" classname="com.crystalsoft.employeemanagement.RolodexTest"/>
  <testcase name="checkInstantiateWithParam" time="0.015" classname="com.crystalsoft.employeemanagement.RolodexTest"/>
  <testcase name="testGetSize" time="0.010" classname="com.crystalsoft.employeemanagement.RolodexTest"/>
  <testcase name="checkInstantiate" time="0.009" classname="com.crystalsoft.employeemanagement.RolodexTest"/>
</testsuite> <!-- com.crystalsoft.employeemanagement.RolodexTest -->
