<?xml version="1.0" encoding="UTF-8"?>
<!-- Generated by org.testng.reporters.JUnitReportReporter -->
<testsuite hostname="milind-VGN-N385E" name="com.crystalsoft.employeemanagement.LoadTest" tests="1" failures="0" timestamp="23 Apr 2014 12:42:06 GMT" time="0.162" errors="0">
  <testcase name="testLoad" time="0.162" classname="com.crystalsoft.employeemanagement.LoadTest"/>
</testsuite> <!-- com.crystalsoft.employeemanagement.LoadTest -->
