<?xml version="1.0" encoding="UTF-8"?>
<!-- Generated by org.testng.reporters.JUnitReportReporter -->
<testsuite hostname="milind-VGN-N385E" name="com.crystalsoft.employeemanagement.DeletionTest" tests="2" failures="0" timestamp="23 Apr 2014 12:42:06 GMT" time="0.001" errors="0">
  <testcase name="testDeleteFail" time="0.000" classname="com.crystalsoft.employeemanagement.DeletionTest"/>
  <testcase name="testDelete" time="0.001" classname="com.crystalsoft.employeemanagement.DeletionTest"/>
</testsuite> <!-- com.crystalsoft.employeemanagement.DeletionTest -->
