<?xml version="1.0" encoding="UTF-8"?>
<!-- Generated by org.testng.reporters.JUnitReportReporter -->
<testsuite hostname="milind-VGN-N385E" name="com.crystalsoft.employeemanagement.EmployeeTest" tests="10" failures="0" timestamp="23 Apr 2014 12:42:06 GMT" time="0.019" errors="0">
  <testcase name="checkNameSortEqual" time="0.008" classname="com.crystalsoft.employeemanagement.EmployeeTest"/>
  <testcase name="checkLastName" time="0.001" classname="com.crystalsoft.employeemanagement.EmployeeTest"/>
  <testcase name="checkIdSortNotEqual" time="0.003" classname="com.crystalsoft.employeemanagement.EmployeeTest"/>
  <testcase name="checkId" time="0.000" classname="com.crystalsoft.employeemanagement.EmployeeTest"/>
  <testcase name="checkInstance" time="0.001" classname="com.crystalsoft.employeemanagement.EmployeeTest"/>
  <testcase name="checkPosition" time="0.000" classname="com.crystalsoft.employeemanagement.EmployeeTest"/>
  <testcase name="checkNameSortNotEqual" time="0.002" classname="com.crystalsoft.employeemanagement.EmployeeTest"/>
  <testcase name="checkProject" time="0.000" classname="com.crystalsoft.employeemanagement.EmployeeTest"/>
  <testcase name="checkIdSortEqual" time="0.003" classname="com.crystalsoft.employeemanagement.EmployeeTest"/>
  <testcase name="checkFirstName" time="0.001" classname="com.crystalsoft.employeemanagement.EmployeeTest"/>
</testsuite> <!-- com.crystalsoft.employeemanagement.EmployeeTest -->
